2025-02-04 16:44:25,713 - INFO - Pipeline execution started.
2025-02-04 16:44:25,718 - INFO - Connected to MySQL successfully.
2025-02-04 16:44:26,602 - INFO - Fetched 36 articles successfully.
2025-02-04 16:44:26,603 - INFO - Extracted 36 articles.
2025-02-04 16:44:26,609 - INFO - Data inserted into nyt_staging successfully.
2025-02-04 16:44:26,609 - INFO - Data moved to nyt_articles successfully.
2025-02-04 16:44:26,610 - INFO - Pipeline execution completed successfully.
2025-02-04 16:45:08,075 - INFO - Pipeline execution started.
2025-02-04 16:45:08,079 - INFO - Connected to MySQL successfully.
2025-02-04 16:45:08,549 - INFO - Fetched 36 articles successfully.
2025-02-04 16:45:08,549 - INFO - Extracted 36 articles.
2025-02-04 16:45:08,553 - INFO - Data inserted into nyt_staging successfully.
2025-02-04 16:45:08,554 - INFO - Data moved to nyt_articles successfully.
2025-02-04 16:45:08,554 - INFO - Pipeline execution completed successfully.
"Test log entry" 
2025-02-04 17:15:15,045 - INFO - Pipeline execution started.
2025-02-04 17:15:15,049 - INFO - Connected to MySQL successfully.
2025-02-04 17:15:15,514 - INFO - Fetched 36 articles successfully.
2025-02-04 17:15:15,514 - INFO - Extracted 36 articles.
2025-02-04 17:15:15,521 - INFO - Data inserted into nyt_staging successfully.
2025-02-04 17:15:15,522 - INFO - Data moved to nyt_articles successfully.
2025-02-04 17:15:15,522 - INFO - Pipeline execution completed successfully.
2025-02-04 17:15:45,500 - INFO - Pipeline execution started.
2025-02-04 17:15:45,504 - INFO - Connected to MySQL successfully.
2025-02-04 17:15:45,990 - INFO - Fetched 36 articles successfully.
2025-02-04 17:15:45,991 - INFO - Extracted 36 articles.
2025-02-04 17:15:45,998 - INFO - Data inserted into nyt_staging successfully.
2025-02-04 17:15:45,999 - INFO - Data moved to nyt_articles successfully.
2025-02-04 17:15:45,999 - INFO - Pipeline execution completed successfully.
2025-02-04 17:19:24,490 - INFO - Pipeline execution started.
2025-02-04 17:19:24,495 - INFO - Connected to MySQL successfully.
2025-02-04 17:19:25,439 - INFO - Fetched 36 articles successfully.
2025-02-04 17:19:25,439 - INFO - Extracted 36 articles.
2025-02-04 17:19:25,444 - INFO - Data inserted into nyt_staging successfully.
2025-02-04 17:19:25,444 - INFO - Data moved to nyt_articles successfully.
2025-02-04 17:19:25,444 - INFO - Pipeline execution completed successfully.
2025-02-04 17:36:39,763 - INFO - Pipeline execution started.
2025-02-04 17:36:39,768 - INFO - Connected to MySQL successfully.
2025-02-04 17:36:40,626 - INFO - Fetched 36 articles successfully.
2025-02-04 17:36:40,627 - INFO - Extracted 36 articles.
2025-02-04 17:36:40,632 - INFO - Data inserted into nyt_staging successfully.
2025-02-04 17:36:40,632 - INFO - Data moved to nyt_articles successfully.
2025-02-04 17:36:40,633 - INFO - Pipeline execution completed successfully.
2025-02-04 17:46:05,376 - INFO - Pipeline execution started.
2025-02-04 17:46:05,381 - INFO - Connected to MySQL successfully.
2025-02-04 17:46:05,877 - INFO - Fetched 36 articles successfully.
2025-02-04 17:46:05,877 - INFO - Extracted 36 articles.
2025-02-04 17:46:05,883 - INFO - Data inserted into nyt_staging successfully.
2025-02-04 17:46:05,883 - INFO - Data moved to nyt_articles successfully.
2025-02-04 17:46:05,884 - INFO - Pipeline execution completed successfully.
2025-02-04 19:38:53,087 - INFO - Pipeline execution started.
2025-02-04 19:38:53,093 - INFO - Connected to MySQL successfully.
2025-02-04 19:38:53,669 - INFO - Fetched 36 articles successfully.
2025-02-04 19:38:53,670 - INFO - Extracted 36 articles.
2025-02-04 19:38:53,676 - INFO - Data inserted into nyt_staging successfully.
2025-02-04 19:38:53,680 - INFO - Data moved to nyt_articles successfully.
2025-02-04 19:38:53,680 - INFO - Pipeline execution completed successfully.
2025-02-05 17:08:02,378 - INFO - Pipeline execution started.
2025-02-05 17:08:02,383 - INFO - Connected to MySQL successfully.
2025-02-05 17:08:03,294 - INFO - Fetched 38 articles successfully.
2025-02-05 17:08:03,294 - INFO - Extracted 38 articles.
2025-02-05 17:08:03,315 - INFO - Data inserted into nyt_staging successfully.
2025-02-05 17:08:03,316 - ERROR - Error occurred: 1062 (23000): Duplicate entry 'nyt://article/cd9a39eb-69bc-5939-b94c-83ecc4910120' for key 'nyt_articles.article_id'
2025-02-05 18:02:08,946 - INFO - Pipeline execution started.
2025-02-05 18:02:08,951 - INFO - Connected to MySQL successfully.
2025-02-05 18:02:09,427 - INFO - Fetched 38 articles successfully.
2025-02-05 18:02:09,427 - INFO - Extracted 38 articles.
2025-02-05 18:02:09,434 - INFO - Data inserted into nyt_staging successfully.
2025-02-05 18:02:09,435 - INFO - Data moved to nyt_articles successfully.
2025-02-05 18:02:09,435 - INFO - Pipeline execution completed successfully.
2025-02-05 19:28:09,762 - INFO - Pipeline execution started.
2025-02-05 19:28:09,767 - INFO - Connected to MySQL successfully.
2025-02-05 19:28:10,284 - INFO - Fetched 38 articles successfully.
2025-02-05 19:28:10,284 - INFO - Extracted 38 articles.
2025-02-05 19:28:10,289 - INFO - Data inserted into nyt_staging successfully.
2025-02-05 19:28:10,292 - INFO - Data moved to nyt_articles successfully.
2025-02-05 19:28:10,292 - INFO - Pipeline execution completed successfully.
2025-02-05 19:30:11,320 - INFO - Pipeline execution started.
2025-02-05 19:30:11,325 - INFO - Connected to MySQL successfully.
2025-02-05 19:30:12,223 - INFO - Fetched 38 articles successfully.
2025-02-05 19:30:12,223 - INFO - Extracted 38 articles.
2025-02-05 19:30:12,230 - INFO - Data inserted into nyt_staging successfully.
2025-02-05 19:30:12,231 - INFO - Data moved to nyt_articles successfully.
2025-02-05 19:30:12,231 - INFO - Pipeline execution completed successfully.
2025-02-05 19:31:06,555 - INFO - Pipeline execution started.
2025-02-05 19:31:06,560 - ERROR - Error occurred: 1049 (42000): Unknown database 'nyt_pipeline_wrong'
2025-02-05 19:31:52,938 - INFO - Pipeline execution started.
2025-02-05 19:31:52,943 - INFO - Connected to MySQL successfully.
2025-02-05 19:31:53,398 - INFO - Fetched 38 articles successfully.
2025-02-05 19:31:53,399 - INFO - Extracted 38 articles.
2025-02-05 19:31:53,405 - INFO - Data inserted into nyt_staging successfully.
2025-02-05 19:31:53,406 - INFO - Data moved to nyt_articles successfully.
2025-02-05 19:31:53,406 - INFO - Pipeline execution completed successfully.
2025-02-05 19:36:12,146 - INFO - Pipeline execution started.
2025-02-05 19:36:12,151 - INFO - Connected to MySQL successfully.
2025-02-05 19:36:12,650 - INFO - Fetched 38 articles successfully.
2025-02-05 19:36:12,650 - INFO - Extracted 38 articles.
2025-02-05 19:36:12,656 - INFO - Data inserted into nyt_staging successfully.
2025-02-05 19:36:12,657 - INFO - Data moved to nyt_articles successfully.
2025-02-05 19:36:12,657 - INFO - Pipeline execution completed successfully.
2025-02-05 19:36:23,435 - INFO - Pipeline execution started.
2025-02-05 19:36:23,440 - ERROR - Pipeline failed with error: 1049 (42000): Unknown database 'nyt_pipeline_wrong'
2025-02-05 19:36:36,722 - INFO - Pipeline execution started.
2025-02-05 19:36:36,726 - INFO - Connected to MySQL successfully.
2025-02-05 19:36:37,214 - INFO - Fetched 38 articles successfully.
2025-02-05 19:36:37,215 - INFO - Extracted 38 articles.
2025-02-05 19:36:37,221 - INFO - Data inserted into nyt_staging successfully.
2025-02-05 19:36:37,222 - INFO - Data moved to nyt_articles successfully.
2025-02-05 19:36:37,222 - INFO - Pipeline execution completed successfully.
2025-02-06 18:38:02,155 - INFO - Pipeline execution started.
2025-02-06 18:38:02,163 - INFO - Connected to MySQL successfully.
2025-02-06 18:38:02,720 - INFO - Fetched 37 articles successfully.
2025-02-06 18:38:02,720 - INFO - Extracted 37 articles.
2025-02-06 18:38:02,746 - INFO - Data inserted into nyt_staging successfully.
2025-02-06 18:38:02,764 - INFO - Data moved to nyt_articles successfully.
2025-02-06 18:38:02,764 - INFO - Pipeline execution completed successfully.
2025-02-07 17:08:01,524 - INFO - Pipeline execution started.
2025-02-07 17:08:01,531 - INFO - Connected to MySQL successfully.
2025-02-07 17:08:02,067 - INFO - Fetched 36 articles successfully.
2025-02-07 17:08:02,068 - INFO - Extracted 36 articles.
2025-02-07 17:08:02,095 - INFO - Data inserted into nyt_staging successfully.
2025-02-07 17:08:02,110 - ERROR - Pipeline failed with error: 1062 (23000): Duplicate entry 'nyt://article/9c999aaf-3d5b-5323-89d6-f2550cf13c85' for key 'nyt_articles.article_id'
2025-02-07 19:21:05,916 - INFO - Pipeline execution started.
2025-02-07 19:21:05,921 - INFO - Connected to MySQL successfully.
2025-02-07 19:21:06,403 - INFO - Fetched 36 articles successfully.
2025-02-07 19:21:06,403 - INFO - Extracted 36 articles.
2025-02-07 19:21:06,409 - INFO - Data inserted into nyt_staging successfully.
2025-02-07 19:21:06,411 - INFO - Data moved to nyt_articles successfully.
2025-02-07 19:21:06,411 - INFO - Pipeline execution completed successfully.
2025-02-08 17:08:02,234 - INFO - Pipeline execution started.
2025-02-08 17:08:02,242 - INFO - Connected to MySQL successfully.
2025-02-08 17:08:03,238 - INFO - Fetched 36 articles successfully.
2025-02-08 17:08:03,238 - INFO - Extracted 36 articles.
2025-02-08 17:08:03,256 - INFO - Data inserted into nyt_staging successfully.
2025-02-08 17:08:03,275 - INFO - Data moved to nyt_articles successfully.
2025-02-08 17:08:03,276 - INFO - Pipeline execution completed successfully.
2025-02-09 21:35:14,434 - INFO - Pipeline execution started.
2025-02-09 21:35:14,458 - INFO - Connected to MySQL successfully.
2025-02-09 21:35:14,959 - INFO - Fetched 37 articles successfully.
2025-02-09 21:35:14,960 - INFO - Extracted 37 articles.
2025-02-09 21:35:14,984 - INFO - Data inserted into nyt_staging successfully.
2025-02-09 21:35:14,998 - ERROR - Pipeline failed with error: 1062 (23000): Duplicate entry 'nyt://article/0b1c6c10-3ff3-549f-90ff-3e42fb1aab96' for key 'nyt_articles.article_id'
2025-02-10 16:18:40,650 - INFO - Pipeline execution started.
2025-02-10 16:18:40,657 - INFO - Connected to MySQL successfully.
2025-02-10 16:18:41,171 - INFO - Fetched 35 articles successfully.
2025-02-10 16:18:41,171 - INFO - Extracted 35 articles.
2025-02-10 16:18:41,197 - INFO - Data inserted into nyt_staging successfully.
2025-02-10 16:18:41,213 - ERROR - Pipeline failed with error: 1062 (23000): Duplicate entry 'nyt://article/0b1c6c10-3ff3-549f-90ff-3e42fb1aab96' for key 'nyt_articles.article_id'
2025-02-10 16:24:32,624 - INFO - Pipeline execution started.
2025-02-10 16:24:32,629 - INFO - Connected to MySQL successfully.
2025-02-10 16:24:33,130 - INFO - Fetched 35 articles successfully.
2025-02-10 16:24:33,130 - INFO - Extracted 35 articles.
2025-02-10 16:24:33,136 - INFO - Data inserted into nyt_staging successfully.
2025-02-10 16:24:33,138 - INFO - Data moved to nyt_articles successfully.
2025-02-10 16:24:33,138 - INFO - Pipeline execution completed successfully.
2025-02-10 17:08:02,063 - INFO - Pipeline execution started.
2025-02-10 17:08:02,068 - INFO - Connected to MySQL successfully.
2025-02-10 17:08:02,951 - INFO - Fetched 35 articles successfully.
2025-02-10 17:08:02,952 - INFO - Extracted 35 articles.
2025-02-10 17:08:02,956 - INFO - Data inserted into nyt_staging successfully.
2025-02-10 17:08:02,958 - INFO - Data moved to nyt_articles successfully.
2025-02-10 17:08:02,958 - INFO - Pipeline execution completed successfully.
2025-02-10 19:37:48,547 - INFO - Pipeline execution started.
2025-02-10 19:37:48,552 - INFO - Connected to MySQL successfully.
2025-02-10 19:37:49,446 - INFO - Fetched 35 articles successfully.
2025-02-10 19:37:49,446 - INFO - Extracted 35 articles.
2025-02-10 19:37:49,453 - INFO - Data inserted into nyt_staging successfully.
2025-02-10 19:37:49,455 - ERROR - Pipeline failed with error: 1062 (23000): Duplicate entry 'nyt://article/cdef1463-4832-5e1d-a5f7-2ea09fa5adcc' for key 'nyt_articles.article_id'
2025-02-10 19:41:29,588 - INFO - Pipeline execution started.
2025-02-10 19:41:29,593 - INFO - Connected to MySQL successfully.
2025-02-10 19:41:30,107 - INFO - Fetched 35 articles successfully.
2025-02-10 19:41:30,107 - INFO - Extracted 35 articles.
2025-02-10 19:41:30,112 - INFO - Data inserted into nyt_staging successfully.
2025-02-10 19:41:30,113 - ERROR - Pipeline failed with error: 1062 (23000): Duplicate entry 'nyt://article/cdef1463-4832-5e1d-a5f7-2ea09fa5adcc' for key 'nyt_articles.article_id'
2025-02-10 19:43:26,546 - INFO - Pipeline execution started.
2025-02-10 19:43:26,551 - INFO - Connected to MySQL successfully.
2025-02-10 19:43:26,991 - INFO - Fetched 35 articles successfully.
2025-02-10 19:43:26,992 - INFO - Extracted 35 articles.
2025-02-10 19:43:26,997 - INFO - Data inserted into nyt_staging successfully.
2025-02-10 19:43:26,999 - ERROR - Pipeline failed with error: 1062 (23000): Duplicate entry 'nyt://article/cdef1463-4832-5e1d-a5f7-2ea09fa5adcc' for key 'nyt_articles.article_id'
2025-02-10 19:45:18,793 - INFO - Pipeline execution started.
2025-02-10 19:45:18,798 - INFO - Connected to MySQL successfully.
2025-02-10 19:45:19,407 - INFO - Fetched 35 articles successfully.
2025-02-10 19:45:19,407 - INFO - Extracted 35 articles.
2025-02-10 19:45:19,412 - INFO - Data inserted into nyt_staging successfully.
2025-02-10 19:45:19,413 - INFO - Data moved to nyt_articles successfully.
2025-02-10 19:45:19,413 - INFO - Pipeline execution completed successfully.
2025-02-10 20:03:57,776 - INFO - Pipeline execution started.
2025-02-10 20:03:57,781 - INFO - Connected to MySQL successfully.
2025-02-10 20:03:58,263 - INFO - Fetched 35 articles successfully.
2025-02-10 20:03:58,263 - INFO - Extracted 35 articles.
2025-02-10 20:03:58,270 - INFO - Data inserted into nyt_staging successfully.
2025-02-10 20:03:58,271 - INFO - Data moved to nyt_articles successfully.
2025-02-10 20:03:58,271 - INFO - Pipeline execution completed successfully.
2025-02-11 17:08:02,460 - INFO - Pipeline execution started.
2025-02-11 17:08:02,470 - INFO - Connected to MySQL successfully.
2025-02-11 17:08:03,021 - INFO - Fetched 36 articles successfully.
2025-02-11 17:08:03,022 - INFO - Extracted 36 articles.
2025-02-11 17:08:03,047 - INFO - Data inserted into nyt_staging successfully.
2025-02-11 17:08:03,060 - ERROR - Pipeline failed with error: 1062 (23000): Duplicate entry 'nyt://article/ceec4e1f-2cd1-5168-bb9b-b0bee6eef332' for key 'nyt_articles.article_id'
2025-02-12 12:42:20,565 - INFO - Pipeline execution started.
2025-02-12 12:42:20,570 - INFO - Connected to MySQL successfully.
2025-02-12 12:42:21,032 - INFO - Fetched 38 articles successfully.
2025-02-12 12:42:21,032 - INFO - Extracted 38 articles.
2025-02-12 12:42:21,038 - INFO - Data inserted into nyt_staging successfully.
2025-02-12 12:42:21,040 - ERROR - Pipeline failed with error: 1062 (23000): Duplicate entry 'nyt://article/ceec4e1f-2cd1-5168-bb9b-b0bee6eef332' for key 'nyt_articles.article_id'
2025-02-12 13:30:38,035 - INFO - Pipeline execution started.
2025-02-12 13:30:38,040 - INFO - Connected to MySQL successfully.
2025-02-12 13:30:38,424 - INFO - Fetched 38 articles successfully.
2025-02-12 13:30:38,425 - INFO - Extracted 38 articles.
2025-02-12 13:30:38,429 - INFO - Data inserted into nyt_staging successfully.
2025-02-12 13:30:38,431 - ERROR - Pipeline failed with error: 1062 (23000): Duplicate entry 'nyt://article/ceec4e1f-2cd1-5168-bb9b-b0bee6eef332' for key 'nyt_articles.article_id'
2025-02-12 13:35:21,490 - INFO - Pipeline execution started.
2025-02-12 13:35:21,494 - INFO - Connected to MySQL successfully.
2025-02-12 13:35:21,961 - INFO - Fetched 38 articles successfully.
2025-02-12 13:35:21,961 - INFO - Extracted 38 articles.
2025-02-12 13:35:21,968 - INFO - Data inserted into nyt_staging successfully.
2025-02-12 13:35:21,969 - ERROR - Pipeline failed with error: 1062 (23000): Duplicate entry 'nyt://article/ceec4e1f-2cd1-5168-bb9b-b0bee6eef332' for key 'nyt_articles.article_id'
2025-02-12 13:41:05,567 - INFO - Pipeline execution started.
2025-02-12 13:41:05,572 - INFO - Connected to MySQL successfully.
2025-02-12 13:41:06,493 - INFO - Fetched 38 articles successfully.
2025-02-12 13:41:06,494 - INFO - Extracted 38 articles.
2025-02-12 13:41:06,500 - INFO - Data inserted into nyt_staging successfully.
2025-02-12 13:41:06,501 - ERROR - Pipeline failed with error: 1062 (23000): Duplicate entry 'nyt://article/ceec4e1f-2cd1-5168-bb9b-b0bee6eef332' for key 'nyt_articles.article_id'
2025-02-12 13:44:54,703 - INFO - Pipeline execution started.
2025-02-12 13:44:54,709 - INFO - Connected to MySQL successfully.
2025-02-12 13:44:55,169 - INFO - Fetched 38 articles successfully.
2025-02-12 13:44:55,169 - INFO - Extracted 38 articles.
2025-02-12 13:44:55,175 - INFO - Data inserted into nyt_staging successfully.
2025-02-12 13:44:55,176 - ERROR - Pipeline failed with error: 1062 (23000): Duplicate entry 'nyt://article/ceec4e1f-2cd1-5168-bb9b-b0bee6eef332' for key 'nyt_articles.article_id'
2025-02-12 13:47:04,328 - INFO - Pipeline execution started.
2025-02-12 13:47:04,333 - INFO - Connected to MySQL successfully.
2025-02-12 13:47:04,794 - INFO - Fetched 38 articles successfully.
2025-02-12 13:47:04,795 - INFO - Extracted 38 articles.
2025-02-12 13:47:04,801 - INFO - Data inserted into nyt_staging successfully.
2025-02-12 13:47:04,804 - INFO - Data moved to nyt_articles successfully.
2025-02-12 13:47:04,804 - INFO - Pipeline execution completed successfully.
2025-02-12 17:08:02,396 - INFO - Pipeline execution started.
2025-02-12 17:08:02,403 - INFO - Connected to MySQL successfully.
2025-02-12 17:08:02,897 - INFO - Fetched 38 articles successfully.
2025-02-12 17:08:02,897 - INFO - Extracted 38 articles.
2025-02-12 17:08:02,905 - INFO - Data inserted into nyt_staging successfully.
2025-02-12 17:08:02,908 - ERROR - Pipeline failed with error: 1062 (23000): Duplicate entry 'nyt://article/6f51c817-a13a-589e-bc7c-f1c0b0392777' for key 'nyt_articles.article_id'
2025-02-13 13:47:26,902 - INFO - Pipeline execution started.
2025-02-13 13:47:26,907 - INFO - Connected to MySQL successfully.
2025-02-13 13:47:27,448 - INFO - Fetched 36 articles successfully.
2025-02-13 13:47:27,449 - INFO - Extracted 36 articles.
2025-02-13 13:47:27,456 - INFO - Data inserted into nyt_staging successfully.
2025-02-13 13:47:27,458 - ERROR - Pipeline failed with error: 1062 (23000): Duplicate entry 'nyt://article/6f51c817-a13a-589e-bc7c-f1c0b0392777' for key 'nyt_articles.article_id'
2025-02-13 13:48:21,026 - INFO - Pipeline execution started.
2025-02-13 13:48:21,031 - INFO - Connected to MySQL successfully.
2025-02-13 13:48:21,633 - INFO - Fetched 36 articles successfully.
2025-02-13 13:48:21,634 - INFO - Extracted 36 articles.
2025-02-13 13:48:21,639 - INFO - Data inserted into nyt_staging successfully.
2025-02-13 13:48:21,641 - INFO - Data moved to nyt_articles successfully.
2025-02-13 13:48:21,641 - INFO - Pipeline execution completed successfully.
2025-02-13 17:08:01,829 - INFO - Pipeline execution started.
2025-02-13 17:08:01,835 - INFO - Connected to MySQL successfully.
2025-02-13 17:08:02,712 - INFO - Fetched 35 articles successfully.
2025-02-13 17:08:02,712 - INFO - Extracted 35 articles.
2025-02-13 17:08:02,720 - INFO - Data inserted into nyt_staging successfully.
2025-02-13 17:08:02,725 - INFO - Data moved to nyt_articles successfully.
2025-02-13 17:08:02,725 - INFO - Pipeline execution completed successfully.
2025-02-14 17:08:02,170 - INFO - Pipeline execution started.
2025-02-14 17:08:02,187 - INFO - Connected to MySQL successfully.
2025-02-14 17:08:02,637 - INFO - Fetched 35 articles successfully.
2025-02-14 17:08:02,637 - INFO - Extracted 35 articles.
2025-02-14 17:08:02,665 - INFO - Data inserted into nyt_staging successfully.
2025-02-14 17:08:02,684 - INFO - Data moved to nyt_articles successfully.
2025-02-14 17:08:02,684 - INFO - Pipeline execution completed successfully.
2025-02-15 19:12:58,301 - INFO - Pipeline execution started.
2025-02-15 19:12:58,308 - INFO - Connected to MySQL successfully.
2025-02-15 19:12:59,514 - INFO - Fetched 35 articles successfully.
2025-02-15 19:12:59,514 - INFO - Extracted 35 articles.
2025-02-15 19:12:59,538 - INFO - Data inserted into nyt_staging successfully.
2025-02-15 19:12:59,554 - ERROR - Pipeline failed with error: 1062 (23000): Duplicate entry 'nyt://article/13ffe049-05f9-5380-b5a5-49f73ec26d92' for key 'nyt_articles.article_id'
2025-02-16 19:52:09,542 - INFO - Pipeline execution started.
2025-02-16 19:52:09,549 - INFO - Connected to MySQL successfully.
2025-02-16 19:52:10,188 - INFO - Fetched 37 articles successfully.
2025-02-16 19:52:10,188 - INFO - Extracted 37 articles.
2025-02-16 19:52:10,210 - INFO - Data inserted into nyt_staging successfully.
2025-02-16 19:52:10,248 - ERROR - Pipeline failed with error: 1062 (23000): Duplicate entry 'nyt://article/13ffe049-05f9-5380-b5a5-49f73ec26d92' for key 'nyt_articles.article_id'
2025-02-17 14:42:10,243 - INFO - Pipeline execution started.
2025-02-17 14:42:10,249 - INFO - Connected to MySQL successfully.
2025-02-17 14:42:10,667 - INFO - Fetched 38 articles successfully.
2025-02-17 14:42:10,667 - INFO - Extracted 38 articles.
2025-02-17 14:42:10,674 - INFO - Data inserted into nyt_staging successfully.
2025-02-17 14:42:10,677 - INFO - Data moved to nyt_articles successfully.
2025-02-17 14:42:10,677 - INFO - Pipeline execution completed successfully.
2025-02-17 17:08:01,534 - INFO - Pipeline execution started.
2025-02-17 17:08:01,548 - INFO - Connected to MySQL successfully.
2025-02-17 17:08:02,439 - INFO - Fetched 38 articles successfully.
2025-02-17 17:08:02,439 - INFO - Extracted 38 articles.
2025-02-17 17:08:02,454 - INFO - Data inserted into nyt_staging successfully.
2025-02-17 17:08:02,462 - INFO - Data moved to nyt_articles successfully.
2025-02-17 17:08:02,462 - INFO - Pipeline execution completed successfully.
2025-02-18 11:59:35,292 - INFO - Pipeline execution started.
2025-02-18 11:59:35,299 - INFO - Connected to MySQL successfully.
2025-02-18 11:59:35,847 - INFO - Fetched 37 articles successfully.
2025-02-18 11:59:35,847 - INFO - Extracted 37 articles.
2025-02-18 11:59:35,863 - INFO - Data inserted into nyt_staging successfully.
2025-02-18 11:59:35,885 - ERROR - Pipeline failed with error: 1062 (23000): Duplicate entry 'nyt://article/e3068391-f87f-586f-93c9-a8c0ee8c3846' for key 'nyt_articles.article_id'
2025-02-18 12:01:44,938 - INFO - Pipeline execution started.
2025-02-18 12:01:44,943 - INFO - Connected to MySQL successfully.
2025-02-18 12:01:45,825 - INFO - Fetched 37 articles successfully.
2025-02-18 12:01:45,826 - INFO - Extracted 37 articles.
2025-02-18 12:01:45,832 - INFO - Data inserted into nyt_staging successfully.
2025-02-18 12:01:45,835 - ERROR - Pipeline failed with error: 1062 (23000): Duplicate entry 'nyt://article/e3068391-f87f-586f-93c9-a8c0ee8c3846' for key 'nyt_articles.article_id'
2025-02-18 12:07:57,579 - INFO - Pipeline execution started.
2025-02-18 12:07:57,584 - INFO - Connected to MySQL successfully.
2025-02-18 12:07:58,598 - INFO - Fetched 37 articles successfully.
2025-02-18 12:07:58,599 - INFO - Extracted 37 articles.
2025-02-18 12:07:58,606 - INFO - Data inserted into nyt_staging successfully.
2025-02-18 12:07:58,611 - INFO - Data moved to nyt_articles successfully.
2025-02-18 12:07:58,611 - INFO - Pipeline execution completed successfully.
2025-02-19 10:40:57,530 - INFO - Pipeline execution started.
2025-02-19 10:40:57,537 - INFO - Connected to MySQL successfully.
2025-02-19 10:40:58,710 - INFO - Fetched 35 articles successfully.
2025-02-19 10:40:58,710 - INFO - Extracted 35 articles.
2025-02-19 10:40:58,734 - INFO - Data inserted into nyt_staging successfully.
2025-02-19 10:40:58,746 - INFO - Data moved to nyt_articles successfully.
2025-02-19 10:40:58,746 - INFO - Pipeline execution completed successfully.
2025-02-19 17:00:01,795 - INFO - Pipeline execution started.
2025-02-19 17:00:01,861 - INFO - Connected to MySQL successfully.
2025-02-19 17:00:02,421 - INFO - Fetched 36 articles successfully.
2025-02-19 17:00:02,421 - INFO - Extracted 36 articles.
2025-02-19 17:00:02,446 - INFO - Data inserted into nyt_staging successfully.
2025-02-19 17:00:02,459 - INFO - Data moved to nyt_articles successfully.
2025-02-19 17:00:02,459 - INFO - Pipeline execution completed successfully.
2025-02-20 17:00:01,674 - INFO - Pipeline execution started.
2025-02-20 17:00:01,692 - INFO - Connected to MySQL successfully.
2025-02-20 17:00:02,231 - INFO - Fetched 36 articles successfully.
2025-02-20 17:00:02,231 - INFO - Extracted 36 articles.
2025-02-20 17:00:02,270 - INFO - Data inserted into nyt_staging successfully.
2025-02-20 17:00:02,296 - INFO - Data moved to nyt_articles successfully.
2025-02-20 17:00:02,297 - INFO - Pipeline execution completed successfully.
2025-02-21 17:00:02,569 - INFO - Pipeline execution started.
2025-02-21 17:00:02,579 - INFO - Connected to MySQL successfully.
2025-02-21 17:00:03,127 - INFO - Fetched 38 articles successfully.
2025-02-21 17:00:03,127 - INFO - Extracted 38 articles.
2025-02-21 17:00:03,159 - INFO - Data inserted into nyt_staging successfully.
2025-02-21 17:00:03,186 - INFO - Data moved to nyt_articles successfully.
2025-02-21 17:00:03,187 - INFO - Pipeline execution completed successfully.
2025-02-22 17:00:02,528 - INFO - Pipeline execution started.
2025-02-22 17:00:02,534 - INFO - Connected to MySQL successfully.
2025-02-22 17:00:03,568 - INFO - Fetched 38 articles successfully.
2025-02-22 17:00:03,568 - INFO - Extracted 38 articles.
2025-02-22 17:00:03,583 - INFO - Data inserted into nyt_staging successfully.
2025-02-22 17:00:03,590 - INFO - Data moved to nyt_articles successfully.
2025-02-22 17:00:03,591 - INFO - Pipeline execution completed successfully.
2025-02-23 13:06:54,314 - INFO - Pipeline execution started.
2025-02-23 13:06:54,321 - INFO - Connected to MySQL successfully.
2025-02-23 13:06:55,323 - INFO - Fetched 36 articles successfully.
2025-02-23 13:06:55,323 - INFO - Extracted 36 articles.
2025-02-23 13:06:55,335 - INFO - Data inserted into nyt_staging successfully.
2025-02-23 13:06:55,354 - INFO - Data moved to nyt_articles successfully.
2025-02-23 13:06:55,354 - INFO - Pipeline execution completed successfully.
2025-02-23 13:29:12,905 - INFO - Pipeline execution started.
2025-02-23 13:29:12,910 - INFO - Connected to MySQL successfully.
2025-02-23 13:29:13,691 - INFO - Fetched 36 articles successfully.
2025-02-23 13:29:13,692 - INFO - Extracted 36 articles.
2025-02-23 13:29:13,700 - INFO - Data inserted into nyt_staging successfully.
2025-02-23 13:29:13,705 - INFO - Data moved to nyt_articles successfully.
2025-02-23 13:29:13,705 - INFO - Pipeline execution completed successfully.
2025-02-23 17:00:02,212 - INFO - Pipeline execution started.
2025-02-23 17:00:02,217 - INFO - Connected to MySQL successfully.
2025-02-23 17:00:02,674 - INFO - Fetched 36 articles successfully.
2025-02-23 17:00:02,675 - INFO - Extracted 36 articles.
2025-02-23 17:00:02,682 - INFO - Data inserted into nyt_staging successfully.
2025-02-23 17:00:02,687 - INFO - Data moved to nyt_articles successfully.
2025-02-23 17:00:02,687 - INFO - Pipeline execution completed successfully.
2025-02-23 19:14:47,653 - INFO - Pipeline execution started.
2025-02-23 19:14:47,660 - INFO - Connected to MySQL successfully.
2025-02-23 19:14:47,819 - INFO - Pipeline execution started.
2025-02-23 19:14:47,824 - INFO - Connected to MySQL successfully.
2025-02-23 19:14:48,082 - INFO - Fetched 36 articles successfully.
2025-02-23 19:14:48,083 - INFO - Extracted 36 articles.
2025-02-23 19:14:48,090 - INFO - Data inserted into nyt_staging successfully.
2025-02-23 19:14:48,092 - INFO - Data moved to nyt_articles successfully.
2025-02-23 19:14:48,092 - INFO - Pipeline execution completed successfully.
2025-02-23 19:14:48,297 - INFO - Fetched 36 articles successfully.
2025-02-23 19:14:48,297 - INFO - Extracted 36 articles.
2025-02-23 19:14:48,301 - INFO - Data inserted into nyt_staging successfully.
2025-02-23 19:14:48,303 - INFO - Data moved to nyt_articles successfully.
2025-02-23 19:14:48,303 - INFO - Pipeline execution completed successfully.
2025-02-23 19:33:51,439 - INFO - Pipeline execution started.
2025-02-23 19:33:51,444 - INFO - Connected to MySQL successfully.
2025-02-23 19:33:52,294 - INFO - Fetched 36 articles successfully.
2025-02-23 19:33:52,294 - INFO - Extracted 36 articles.
2025-02-23 19:33:52,302 - INFO - Data inserted into nyt_staging successfully.
2025-02-23 19:33:52,306 - INFO - Data moved to nyt_articles successfully.
2025-02-23 19:33:52,306 - INFO - Pipeline execution completed successfully.
2025-02-24 17:00:01,471 - INFO - Pipeline execution started.
2025-02-24 17:00:01,481 - INFO - Connected to MySQL successfully.
2025-02-24 17:00:02,498 - INFO - Fetched 36 articles successfully.
2025-02-24 17:00:02,498 - INFO - Extracted 36 articles.
2025-02-24 17:00:02,526 - INFO - Data inserted into nyt_staging successfully.
2025-02-24 17:00:02,547 - INFO - Data moved to nyt_articles successfully.
2025-02-24 17:00:02,547 - INFO - Pipeline execution completed successfully.
2025-02-26 11:33:46,312 - INFO - Pipeline execution started.
2025-02-26 11:33:46,341 - INFO - Connected to MySQL successfully.
2025-02-26 17:00:02,313 - INFO - Pipeline execution started.
2025-02-26 17:00:02,320 - INFO - Connected to MySQL successfully.
2025-02-26 17:00:02,865 - INFO - Fetched 36 articles successfully.
2025-02-26 17:00:02,865 - INFO - Extracted 36 articles.
2025-02-26 17:00:02,883 - INFO - Data inserted into nyt_staging successfully.
2025-02-26 17:00:02,899 - INFO - Data moved to nyt_articles successfully.
2025-02-26 17:00:02,899 - INFO - Pipeline execution completed successfully.
2025-02-27 17:00:02,211 - INFO - Pipeline execution started.
2025-02-27 17:00:02,222 - INFO - Connected to MySQL successfully.
2025-02-27 17:00:03,532 - INFO - Fetched 37 articles successfully.
2025-02-27 17:00:03,532 - INFO - Extracted 37 articles.
2025-02-27 17:00:03,543 - INFO - Data inserted into nyt_staging successfully.
2025-02-27 17:00:03,548 - INFO - Data moved to nyt_articles successfully.
2025-02-27 17:00:03,548 - INFO - Pipeline execution completed successfully.
2025-02-28 17:00:02,384 - INFO - Pipeline execution started.
2025-02-28 17:00:02,392 - INFO - Connected to MySQL successfully.
2025-02-28 17:00:03,060 - INFO - Fetched 37 articles successfully.
2025-02-28 17:00:03,061 - INFO - Extracted 37 articles.
2025-02-28 17:00:03,072 - INFO - Data inserted into nyt_staging successfully.
2025-02-28 17:00:03,082 - INFO - Data moved to nyt_articles successfully.
2025-02-28 17:00:03,082 - INFO - Pipeline execution completed successfully.
2025-03-01 18:08:56,140 - INFO - Pipeline execution started.
2025-03-01 18:08:56,148 - INFO - Connected to MySQL successfully.
2025-03-01 18:08:56,690 - INFO - Fetched 37 articles successfully.
2025-03-01 18:08:56,690 - INFO - Extracted 37 articles.
2025-03-01 18:08:56,710 - INFO - Data inserted into nyt_staging successfully.
2025-03-01 18:08:56,728 - INFO - Data moved to nyt_articles successfully.
2025-03-01 18:08:56,728 - INFO - Pipeline execution completed successfully.
2025-03-01 18:14:52,903 - INFO - Pipeline execution started.
2025-03-01 18:14:52,909 - INFO - Connected to MySQL successfully.
2025-03-01 18:14:53,384 - INFO - Fetched 37 articles successfully.
2025-03-01 18:14:53,384 - INFO - Extracted 37 articles.
2025-03-01 18:14:53,389 - INFO - Data inserted into nyt_staging successfully.
2025-03-01 18:14:53,391 - INFO - Data moved to nyt_articles successfully.
2025-03-01 18:14:53,391 - INFO - Pipeline execution completed successfully.
2025-03-02 18:52:30,986 - INFO - Pipeline execution started.
2025-03-02 18:52:30,994 - INFO - Connected to MySQL successfully.
2025-03-02 18:52:31,880 - INFO - Fetched 37 articles successfully.
2025-03-02 18:52:31,880 - INFO - Extracted 37 articles.
2025-03-02 18:52:31,904 - INFO - Data inserted into nyt_staging successfully.
2025-03-02 18:52:31,923 - INFO - Data moved to nyt_articles successfully.
2025-03-02 18:52:31,923 - INFO - Pipeline execution completed successfully.
2025-03-03 17:00:02,162 - INFO - Pipeline execution started.
2025-03-03 17:00:02,176 - INFO - Connected to MySQL successfully.
2025-03-03 17:00:02,784 - INFO - Fetched 37 articles successfully.
2025-03-03 17:00:02,785 - INFO - Extracted 37 articles.
2025-03-03 17:00:02,813 - INFO - Data inserted into nyt_staging successfully.
2025-03-03 17:00:02,836 - INFO - Data moved to nyt_articles successfully.
2025-03-03 17:00:02,836 - INFO - Pipeline execution completed successfully.
2025-03-04 17:00:01,992 - INFO - Pipeline execution started.
2025-03-04 17:00:02,000 - INFO - Connected to MySQL successfully.
2025-03-04 17:00:03,912 - INFO - Fetched 34 articles successfully.
2025-03-04 17:00:03,913 - INFO - Extracted 34 articles.
2025-03-04 17:00:03,929 - INFO - Data inserted into nyt_staging successfully.
2025-03-04 17:00:03,945 - INFO - Data moved to nyt_articles successfully.
2025-03-04 17:00:03,945 - INFO - Pipeline execution completed successfully.
2025-03-05 17:00:01,939 - INFO - Pipeline execution started.
2025-03-05 17:00:01,947 - INFO - Connected to MySQL successfully.
2025-03-05 17:00:02,886 - INFO - Fetched 37 articles successfully.
2025-03-05 17:00:02,886 - INFO - Extracted 37 articles.
2025-03-05 17:00:02,900 - INFO - Data inserted into nyt_staging successfully.
2025-03-05 17:00:02,910 - INFO - Data moved to nyt_articles successfully.
2025-03-05 17:00:02,910 - INFO - Pipeline execution completed successfully.
2025-03-06 17:00:01,772 - INFO - Pipeline execution started.
2025-03-06 17:00:01,793 - INFO - Connected to MySQL successfully.
2025-03-06 17:00:02,684 - INFO - Fetched 36 articles successfully.
2025-03-06 17:00:02,684 - INFO - Extracted 36 articles.
2025-03-06 17:00:02,724 - INFO - Data inserted into nyt_staging successfully.
2025-03-06 17:00:02,749 - INFO - Data moved to nyt_articles successfully.
2025-03-06 17:00:02,750 - INFO - Pipeline execution completed successfully.
2025-03-07 17:00:01,856 - INFO - Pipeline execution started.
2025-03-07 17:00:01,865 - INFO - Connected to MySQL successfully.
2025-03-07 17:00:02,946 - INFO - Fetched 34 articles successfully.
2025-03-07 17:00:02,947 - INFO - Extracted 34 articles.
2025-03-07 17:00:02,959 - INFO - Data inserted into nyt_staging successfully.
2025-03-07 17:00:02,971 - INFO - Data moved to nyt_articles successfully.
2025-03-07 17:00:02,971 - INFO - Pipeline execution completed successfully.
2025-03-08 17:00:02,296 - INFO - Pipeline execution started.
2025-03-08 17:00:02,303 - INFO - Connected to MySQL successfully.
2025-03-08 17:00:02,846 - INFO - Fetched 40 articles successfully.
2025-03-08 17:00:02,846 - INFO - Extracted 40 articles.
2025-03-08 17:00:02,867 - INFO - Data inserted into nyt_staging successfully.
2025-03-08 17:00:02,888 - INFO - Data moved to nyt_articles successfully.
2025-03-08 17:00:02,888 - INFO - Pipeline execution completed successfully.
2025-03-09 17:00:02,242 - INFO - Pipeline execution started.
2025-03-09 17:00:02,250 - INFO - Connected to MySQL successfully.
2025-03-09 17:00:02,718 - INFO - Fetched 38 articles successfully.
2025-03-09 17:00:02,719 - INFO - Extracted 38 articles.
2025-03-09 17:00:02,746 - INFO - Data inserted into nyt_staging successfully.
2025-03-09 17:00:02,757 - INFO - Data moved to nyt_articles successfully.
2025-03-09 17:00:02,757 - INFO - Pipeline execution completed successfully.
2025-03-10 17:00:02,621 - INFO - Pipeline execution started.
2025-03-10 17:00:02,631 - INFO - Connected to MySQL successfully.
2025-03-10 17:00:03,164 - INFO - Fetched 37 articles successfully.
2025-03-10 17:00:03,164 - INFO - Extracted 37 articles.
2025-03-10 17:00:03,180 - INFO - Data inserted into nyt_staging successfully.
2025-03-10 17:00:03,204 - INFO - Data moved to nyt_articles successfully.
2025-03-10 17:00:03,205 - INFO - Pipeline execution completed successfully.
2025-03-11 17:00:01,717 - INFO - Pipeline execution started.
2025-03-11 17:00:01,729 - INFO - Connected to MySQL successfully.
2025-03-11 17:00:02,258 - INFO - Fetched 36 articles successfully.
2025-03-11 17:00:02,258 - INFO - Extracted 36 articles.
2025-03-11 17:00:02,299 - INFO - Data inserted into nyt_staging successfully.
2025-03-11 17:00:02,323 - INFO - Data moved to nyt_articles successfully.
2025-03-11 17:00:02,323 - INFO - Pipeline execution completed successfully.
2025-03-12 17:00:02,149 - INFO - Pipeline execution started.
2025-03-12 17:00:02,159 - INFO - Connected to MySQL successfully.
2025-03-12 17:00:02,677 - INFO - Fetched 37 articles successfully.
2025-03-12 17:00:02,678 - INFO - Extracted 37 articles.
2025-03-12 17:00:02,715 - INFO - Data inserted into nyt_staging successfully.
2025-03-12 17:00:02,741 - INFO - Data moved to nyt_articles successfully.
2025-03-12 17:00:02,741 - INFO - Pipeline execution completed successfully.
2025-03-13 17:00:02,106 - INFO - Pipeline execution started.
2025-03-13 17:00:02,115 - INFO - Connected to MySQL successfully.
2025-03-13 17:00:02,615 - INFO - Fetched 38 articles successfully.
2025-03-13 17:00:02,615 - INFO - Extracted 38 articles.
2025-03-13 17:00:02,660 - INFO - Data inserted into nyt_staging successfully.
2025-03-13 17:00:02,673 - INFO - Data moved to nyt_articles successfully.
2025-03-13 17:00:02,673 - INFO - Pipeline execution completed successfully.
2025-03-14 18:25:54,464 - INFO - Pipeline execution started.
2025-03-14 18:25:54,471 - INFO - Connected to MySQL successfully.
2025-03-14 18:25:55,401 - INFO - Fetched 36 articles successfully.
2025-03-14 18:25:55,402 - INFO - Extracted 36 articles.
2025-03-14 18:25:55,423 - INFO - Data inserted into nyt_staging successfully.
2025-03-14 18:25:55,447 - INFO - Data moved to nyt_articles successfully.
2025-03-14 18:25:55,447 - INFO - Pipeline execution completed successfully.
2025-03-15 17:00:02,155 - INFO - Pipeline execution started.
2025-03-15 17:00:02,163 - INFO - Connected to MySQL successfully.
2025-03-15 17:00:02,742 - INFO - Fetched 35 articles successfully.
2025-03-15 17:00:02,742 - INFO - Extracted 35 articles.
2025-03-15 17:00:02,754 - INFO - Data inserted into nyt_staging successfully.
2025-03-15 17:00:02,765 - INFO - Data moved to nyt_articles successfully.
2025-03-15 17:00:02,765 - INFO - Pipeline execution completed successfully.
2025-03-16 17:49:36,229 - INFO - Pipeline execution started.
2025-03-16 17:49:36,236 - INFO - Connected to MySQL successfully.
2025-03-16 17:49:37,038 - INFO - Fetched 36 articles successfully.
2025-03-16 17:49:37,038 - INFO - Extracted 36 articles.
2025-03-16 17:49:37,058 - INFO - Data inserted into nyt_staging successfully.
2025-03-16 17:49:37,076 - INFO - Data moved to nyt_articles successfully.
2025-03-16 17:49:37,076 - INFO - Pipeline execution completed successfully.
2025-03-17 17:00:02,413 - INFO - Pipeline execution started.
2025-03-17 17:00:02,422 - INFO - Connected to MySQL successfully.
2025-03-17 17:00:02,920 - INFO - Fetched 36 articles successfully.
2025-03-17 17:00:02,920 - INFO - Extracted 36 articles.
2025-03-17 17:00:02,947 - INFO - Data inserted into nyt_staging successfully.
2025-03-17 17:00:02,971 - INFO - Data moved to nyt_articles successfully.
2025-03-17 17:00:02,972 - INFO - Pipeline execution completed successfully.
2025-03-18 17:00:02,151 - INFO - Pipeline execution started.
2025-03-18 17:00:02,159 - INFO - Connected to MySQL successfully.
2025-03-18 17:00:02,644 - INFO - Fetched 33 articles successfully.
2025-03-18 17:00:02,644 - INFO - Extracted 33 articles.
2025-03-18 17:00:02,672 - INFO - Data inserted into nyt_staging successfully.
2025-03-18 17:00:02,697 - INFO - Data moved to nyt_articles successfully.
2025-03-18 17:00:02,697 - INFO - Pipeline execution completed successfully.
2025-03-19 17:00:02,440 - INFO - Pipeline execution started.
2025-03-19 17:00:02,451 - INFO - Connected to MySQL successfully.
2025-03-19 17:00:02,900 - INFO - Fetched 35 articles successfully.
2025-03-19 17:00:02,900 - INFO - Extracted 35 articles.
2025-03-19 17:00:02,917 - INFO - Data inserted into nyt_staging successfully.
2025-03-19 17:00:02,932 - INFO - Data moved to nyt_articles successfully.
2025-03-19 17:00:02,932 - INFO - Pipeline execution completed successfully.
2025-03-20 17:00:02,313 - INFO - Pipeline execution started.
2025-03-20 17:00:02,322 - INFO - Connected to MySQL successfully.
2025-03-20 17:00:02,782 - INFO - Fetched 33 articles successfully.
2025-03-20 17:00:02,782 - INFO - Extracted 33 articles.
2025-03-20 17:00:02,821 - INFO - Data inserted into nyt_staging successfully.
2025-03-20 17:00:02,843 - INFO - Data moved to nyt_articles successfully.
2025-03-20 17:00:02,844 - INFO - Pipeline execution completed successfully.
2025-03-21 18:03:27,237 - INFO - Pipeline execution started.
2025-03-21 18:03:27,244 - INFO - Connected to MySQL successfully.
2025-03-21 18:03:28,070 - INFO - Fetched 32 articles successfully.
2025-03-21 18:03:28,070 - INFO - Extracted 32 articles.
2025-03-21 18:03:28,090 - INFO - Data inserted into nyt_staging successfully.
2025-03-21 18:03:28,111 - INFO - Data moved to nyt_articles successfully.
2025-03-21 18:03:28,112 - INFO - Pipeline execution completed successfully.
2025-03-22 17:00:01,578 - INFO - Pipeline execution started.
2025-03-22 17:00:01,587 - INFO - Connected to MySQL successfully.
2025-03-22 17:00:02,097 - INFO - Fetched 38 articles successfully.
2025-03-22 17:00:02,097 - INFO - Extracted 38 articles.
2025-03-22 17:00:02,121 - INFO - Data inserted into nyt_staging successfully.
2025-03-22 17:00:02,143 - INFO - Data moved to nyt_articles successfully.
2025-03-22 17:00:02,143 - INFO - Pipeline execution completed successfully.
2025-03-23 17:00:02,541 - INFO - Pipeline execution started.
2025-03-23 17:00:02,548 - INFO - Connected to MySQL successfully.
2025-03-23 17:00:03,023 - INFO - Fetched 38 articles successfully.
2025-03-23 17:00:03,023 - INFO - Extracted 38 articles.
2025-03-23 17:00:03,048 - INFO - Data inserted into nyt_staging successfully.
2025-03-23 17:00:03,071 - INFO - Data moved to nyt_articles successfully.
2025-03-23 17:00:03,071 - INFO - Pipeline execution completed successfully.
2025-03-24 17:00:02,482 - INFO - Pipeline execution started.
2025-03-24 17:00:02,493 - INFO - Connected to MySQL successfully.
2025-03-24 17:00:02,973 - INFO - Fetched 36 articles successfully.
2025-03-24 17:00:02,973 - INFO - Extracted 36 articles.
2025-03-24 17:00:02,989 - INFO - Data inserted into nyt_staging successfully.
2025-03-24 17:00:03,005 - INFO - Data moved to nyt_articles successfully.
2025-03-24 17:00:03,006 - INFO - Pipeline execution completed successfully.
2025-03-25 17:00:02,514 - INFO - Pipeline execution started.
2025-03-25 17:00:02,532 - INFO - Connected to MySQL successfully.
2025-03-25 17:00:02,971 - INFO - Fetched 38 articles successfully.
2025-03-25 17:00:02,972 - INFO - Extracted 38 articles.
2025-03-25 17:00:03,007 - INFO - Data inserted into nyt_staging successfully.
2025-03-25 17:00:03,033 - INFO - Data moved to nyt_articles successfully.
2025-03-25 17:00:03,033 - INFO - Pipeline execution completed successfully.
2025-03-26 17:00:02,446 - INFO - Pipeline execution started.
2025-03-26 17:00:02,454 - INFO - Connected to MySQL successfully.
2025-03-26 17:00:02,916 - INFO - Fetched 35 articles successfully.
2025-03-26 17:00:02,916 - INFO - Extracted 35 articles.
2025-03-26 17:00:02,931 - INFO - Data inserted into nyt_staging successfully.
2025-03-26 17:00:02,947 - INFO - Data moved to nyt_articles successfully.
2025-03-26 17:00:02,947 - INFO - Pipeline execution completed successfully.
2025-03-27 17:00:02,448 - INFO - Pipeline execution started.
2025-03-27 17:00:02,454 - INFO - Connected to MySQL successfully.
2025-03-27 17:00:02,940 - INFO - Fetched 36 articles successfully.
2025-03-27 17:00:02,940 - INFO - Extracted 36 articles.
2025-03-27 17:00:02,958 - INFO - Data inserted into nyt_staging successfully.
2025-03-27 17:00:02,970 - INFO - Data moved to nyt_articles successfully.
2025-03-27 17:00:02,970 - INFO - Pipeline execution completed successfully.
2025-03-28 17:00:02,401 - INFO - Pipeline execution started.
2025-03-28 17:00:02,408 - INFO - Connected to MySQL successfully.
2025-03-28 17:00:02,903 - INFO - Fetched 35 articles successfully.
2025-03-28 17:00:02,903 - INFO - Extracted 35 articles.
2025-03-28 17:00:02,925 - INFO - Data inserted into nyt_staging successfully.
2025-03-28 17:00:02,948 - INFO - Data moved to nyt_articles successfully.
2025-03-28 17:00:02,949 - INFO - Pipeline execution completed successfully.
2025-03-29 17:00:02,515 - INFO - Pipeline execution started.
2025-03-29 17:00:02,522 - INFO - Connected to MySQL successfully.
2025-03-29 17:00:02,996 - INFO - Fetched 36 articles successfully.
2025-03-29 17:00:02,996 - INFO - Extracted 36 articles.
2025-03-29 17:00:03,009 - INFO - Data inserted into nyt_staging successfully.
2025-03-29 17:00:03,023 - INFO - Data moved to nyt_articles successfully.
2025-03-29 17:00:03,024 - INFO - Pipeline execution completed successfully.
2025-03-30 17:00:02,350 - INFO - Pipeline execution started.
2025-03-30 17:00:02,358 - INFO - Connected to MySQL successfully.
2025-03-30 17:00:02,847 - INFO - Fetched 37 articles successfully.
2025-03-30 17:00:02,847 - INFO - Extracted 37 articles.
2025-03-30 17:00:02,870 - INFO - Data inserted into nyt_staging successfully.
2025-03-30 17:00:02,895 - INFO - Data moved to nyt_articles successfully.
2025-03-30 17:00:02,895 - INFO - Pipeline execution completed successfully.
2025-03-31 17:00:02,285 - INFO - Pipeline execution started.
2025-03-31 17:00:02,293 - INFO - Connected to MySQL successfully.
2025-03-31 17:00:02,742 - INFO - Fetched 34 articles successfully.
2025-03-31 17:00:02,742 - INFO - Extracted 34 articles.
2025-03-31 17:00:02,763 - INFO - Data inserted into nyt_staging successfully.
2025-03-31 17:00:02,783 - INFO - Data moved to nyt_articles successfully.
2025-03-31 17:00:02,783 - INFO - Pipeline execution completed successfully.
